Arguments: 
  /home/raphael/.nvm/versions/node/v19.8.1/bin/node /home/raphael/.nvm/versions/node/v19.8.1/bin/yarn add unplugin-auto-improt unplugin-vue-components -D

PATH: 
  /home/raphael/.nvm/versions/node/v19.8.1/bin:/home/raphael/.local/bin:/usr/local/sbin:/usr/local/bin:/usr/sbin:/usr/bin:/sbin:/bin:/usr/games:/usr/local/games:/snap/bin

Yarn version: 
  1.22.19

Node version: 
  19.8.1

Platform: 
  linux x64

Trace: 
  Error: https://registry.yarnpkg.com/unplugin-auto-improt: Not found
      at params.callback [as _callback] (/home/raphael/.nvm/versions/node/v19.8.1/lib/node_modules/yarn/lib/cli.js:66145:18)
      at self.callback (/home/raphael/.nvm/versions/node/v19.8.1/lib/node_modules/yarn/lib/cli.js:140890:22)
      at Request.emit (node:events:512:28)
      at Request.<anonymous> (/home/raphael/.nvm/versions/node/v19.8.1/lib/node_modules/yarn/lib/cli.js:141862:10)
      at Request.emit (node:events:512:28)
      at IncomingMessage.<anonymous> (/home/raphael/.nvm/versions/node/v19.8.1/lib/node_modules/yarn/lib/cli.js:141784:12)
      at Object.onceWrapper (node:events:626:28)
      at IncomingMessage.emit (node:events:524:35)
      at endReadableNT (node:internal/streams/readable:1359:12)
      at process.processTicksAndRejections (node:internal/process/task_queues:82:21)

npm manifest: 
  No manifest

yarn manifest: 
  No manifest

Lockfile: 
  No lockfile
